<?xml version="1.0" encoding="UTF-8"?>
<testsuite xmlns:xsi="http://www.w3.org/2001/XMLSchema-instance" xsi:noNamespaceSchemaLocation="https://maven.apache.org/surefire/maven-surefire-plugin/xsd/surefire-test-report-3.0.xsd" version="3.0" name="br.com.hegom.mail.MailSenderApplicationTests" time="7.096" tests="1" errors="0" skipped="0" failures="0">
  <properties>
[...]
</properties>
  <testcase name="contextLoads" classname="br.com.hegom.mail.MailSenderApplicationTests" time="0.608">
    <system-out><![CDATA[09:45:05.898 [main] INFO org.springframework.test.context.support.AnnotationConfigContextLoaderUtils -- Could not detect default configuration classes for test class [br.com.hegom.mail.MailSenderApplicationTests]: MailSenderApplicationTests does not declare any static, non-private, non-final, nested classes annotated with @Configuration.
09:45:06.035 [main] INFO org.springframework.boot.test.context.SpringBootTestContextBootstrapper -- Found @SpringBootConfiguration br.com.hegom.mail.MailSenderApplication for test class br.com.hegom.mail.MailSenderApplicationTests
  _    _ ______ _____  ____  __  __ 
 | |  | |  ____/ ____|/ __ \|  \/  |
 | |__| | |__ | |  __| |  | | \  / |
 |  __  |  __|| | |_ | |  | | |\/| |
 | |  | | |___| |__| | |__| | |  | |
 |_|  |_|______\_____|\____/|_|  |_|
                                    
                                    
 
Powered by Spring Boot 3.1.2

2023-12-29T09:45:06.800-03:00  INFO 7160 --- [           main] b.c.h.mail.MailSenderApplicationTests    : Starting MailSenderApplicationTests using Java 17.0.8 with PID 7160 (started by heito in C:\sources\MailSender)
2023-12-29T09:45:06.804-03:00  INFO 7160 --- [           main] b.c.h.mail.MailSenderApplicationTests    : No active profile set, falling back to 1 default profile: "default"
2023-12-29T09:45:07.633-03:00  INFO 7160 --- [           main] .s.d.r.c.RepositoryConfigurationDelegate : Bootstrapping Spring Data JPA repositories in DEFAULT mode.
2023-12-29T09:45:07.700-03:00  INFO 7160 --- [           main] .s.d.r.c.RepositoryConfigurationDelegate : Finished Spring Data repository scanning in 55 ms. Found 1 JPA repository interfaces.
2023-12-29T09:45:08.489-03:00  INFO 7160 --- [           main] o.hibernate.jpa.internal.util.LogHelper  : HHH000204: Processing PersistenceUnitInfo [name: default]
2023-12-29T09:45:08.588-03:00  INFO 7160 --- [           main] org.hibernate.Version                    : HHH000412: Hibernate ORM core version 6.2.6.Final
2023-12-29T09:45:08.591-03:00  INFO 7160 --- [           main] org.hibernate.cfg.Environment            : HHH000406: Using bytecode reflection optimizer
2023-12-29T09:45:08.918-03:00  INFO 7160 --- [           main] o.h.b.i.BytecodeProviderInitiator        : HHH000021: Bytecode provider name : bytebuddy
2023-12-29T09:45:09.143-03:00  INFO 7160 --- [           main] o.s.o.j.p.SpringPersistenceUnitInfo      : No LoadTimeWeaver setup: ignoring JPA class transformer
2023-12-29T09:45:09.170-03:00  INFO 7160 --- [           main] com.zaxxer.hikari.HikariDataSource       : HikariPool-1 - Starting...
2023-12-29T09:45:09.429-03:00  INFO 7160 --- [           main] com.zaxxer.hikari.pool.HikariPool        : HikariPool-1 - Added connection org.postgresql.jdbc.PgConnection@730bea0
2023-12-29T09:45:09.431-03:00  INFO 7160 --- [           main] com.zaxxer.hikari.HikariDataSource       : HikariPool-1 - Start completed.
2023-12-29T09:45:09.776-03:00  INFO 7160 --- [           main] o.h.b.i.BytecodeProviderInitiator        : HHH000021: Bytecode provider name : bytebuddy
2023-12-29T09:45:10.634-03:00  INFO 7160 --- [           main] o.h.e.t.j.p.i.JtaPlatformInitiator       : HHH000490: Using JtaPlatform implementation: [org.hibernate.engine.transaction.jta.platform.internal.NoJtaPlatform]
Hibernate: alter table if exists mail alter column sending_time set data type time(6)
Hibernate: alter table if exists mail alter column text set data type TEXT
2023-12-29T09:45:10.715-03:00  INFO 7160 --- [           main] j.LocalContainerEntityManagerFactoryBean : Initialized JPA EntityManagerFactory for persistence unit 'default'
2023-12-29T09:45:11.400-03:00  WARN 7160 --- [           main] JpaBaseConfiguration$JpaWebConfiguration : spring.jpa.open-in-view is enabled by default. Therefore, database queries may be performed during view rendering. Explicitly configure spring.jpa.open-in-view to disable this warning
2023-12-29T09:45:12.146-03:00  INFO 7160 --- [           main] b.c.h.mail.MailSenderApplicationTests    : Started MailSenderApplicationTests in 5.806 seconds (process running for 7.185)
Hibernate: select m1_0.id,m1_0.create_date,m1_0.receiver,m1_0.sender,m1_0.sending_date,m1_0.sending_time,m1_0.status,m1_0.subject,m1_0.text from mail m1_0 where m1_0.status=?
]]></system-out>
  </testcase>
</testsuite>